                  Prefix Verb   URI Pattern                                     Controller#Action
              order_cart GET    /order/cart(.:format)                           order#cart
           welcome_index GET    /welcome/index(.:format)                        welcome#index
                         GET    /order/cart(.:format)                           order#cart
                   books GET    /books(.:format)                                books#index
                         POST   /books(.:format)                                books#create
                new_book GET    /books/new(.:format)                            books#new
               edit_book GET    /books/:id/edit(.:format)                       books#edit
                    book GET    /books/:id(.:format)                            books#show
                         PATCH  /books/:id(.:format)                            books#update
                         PUT    /books/:id(.:format)                            books#update
                         DELETE /books/:id(.:format)                            books#destroy
                    root GET    /                                               welcome#index
                 AboutUs GET    /AboutUs(.:format)                              about#about
                  browse GET    /Browse(.:format)                               products#browse
                  MyCart GET    /MyCart(.:format)                               mycart#mycart
                  orders GET    /orders(.:format)                               orders#index
                         POST   /orders(.:format)                               orders#create
               new_order GET    /orders/new(.:format)                           orders#new
              edit_order GET    /orders/:id/edit(.:format)                      orders#edit
                   order GET    /orders/:id(.:format)                           orders#show
                         PATCH  /orders/:id(.:format)                           orders#update
                         PUT    /orders/:id(.:format)                           orders#update
                         DELETE /orders/:id(.:format)                           orders#destroy
                   carts GET    /carts(.:format)                                carts#index
                         POST   /carts(.:format)                                carts#create
                new_cart GET    /carts/new(.:format)                            carts#new
               edit_cart GET    /carts/:id/edit(.:format)                       carts#edit
                    cart GET    /carts/:id(.:format)                            carts#show
                         PATCH  /carts/:id(.:format)                            carts#update
                         PUT    /carts/:id(.:format)                            carts#update
                         DELETE /carts/:id(.:format)                            carts#destroy
                   games GET    /games(.:format)                                games#index
                         POST   /games(.:format)                                games#create
                new_game GET    /games/new(.:format)                            games#new
               edit_game GET    /games/:id/edit(.:format)                       games#edit
                    game GET    /games/:id(.:format)                            games#show
                         PATCH  /games/:id(.:format)                            games#update
                         PUT    /games/:id(.:format)                            games#update
                         DELETE /games/:id(.:format)                            games#destroy
      show_products_page POST   /show_products_page_path/:category_id(.:format) products#show_products_page
             add_to_cart POST   /add_to_cart_path/:book_id(.:format)            carts#add_to_cart
        new_user_session GET    /users/sign_in(.:format)                        devise/sessions#new
            user_session POST   /users/sign_in(.:format)                        devise/sessions#create
    destroy_user_session DELETE /users/sign_out(.:format)                       devise/sessions#destroy
           user_password POST   /users/password(.:format)                       devise/passwords#create
       new_user_password GET    /users/password/new(.:format)                   devise/passwords#new
      edit_user_password GET    /users/password/edit(.:format)                  devise/passwords#edit
                         PATCH  /users/password(.:format)                       devise/passwords#update
                         PUT    /users/password(.:format)                       devise/passwords#update
cancel_user_registration GET    /users/cancel(.:format)                         devise/registrations#cancel
       user_registration POST   /users(.:format)                                devise/registrations#create
   new_user_registration GET    /users/sign_up(.:format)                        devise/registrations#new
  edit_user_registration GET    /users/edit(.:format)                           devise/registrations#edit
                         PATCH  /users(.:format)                                devise/registrations#update
                         PUT    /users(.:format)                                devise/registrations#update
                         DELETE /users(.:format)                                devise/registrations#destroy
