                  Prefix Verb   URI Pattern                                         Controller#Action
                products GET    /products(.:format)                                 products#index
                         POST   /products(.:format)                                 products#create
             new_product GET    /products/new(.:format)                             products#new
            edit_product GET    /products/:id/edit(.:format)                        products#edit
                 product GET    /products/:id(.:format)                             products#show
                         PATCH  /products/:id(.:format)                             products#update
                         PUT    /products/:id(.:format)                             products#update
                         DELETE /products/:id(.:format)                             products#destroy
                    root GET    /                                                   products#index
                 aboutus GET    /aboutus(.:format)                                  about#about
                  browse GET    /browse(.:format)                                   products#browse
                  mycart GET    /mycart(.:format)                                   mycart#mycart
               book_show GET    /book_show/products/:product_id(.:format)           books#show
               game_show GET    /games/products/:product_id(.:format)               games#show
        electronics_show GET    /electronics/products/:product_id(.:format)         electronics#show
                   carts GET    /carts(.:format)                                    carts#index
                         POST   /carts(.:format)                                    carts#create
                new_cart GET    /carts/new(.:format)                                carts#new
               edit_cart GET    /carts/:id/edit(.:format)                           carts#edit
                    cart GET    /carts/:id(.:format)                                carts#show
                         PATCH  /carts/:id(.:format)                                carts#update
                         PUT    /carts/:id(.:format)                                carts#update
                         DELETE /carts/:id(.:format)                                carts#destroy
              cart_items GET    /cart_items(.:format)                               cart_items#index
                         POST   /cart_items(.:format)                               cart_items#create
           new_cart_item GET    /cart_items/new(.:format)                           cart_items#new
          edit_cart_item GET    /cart_items/:id/edit(.:format)                      cart_items#edit
               cart_item GET    /cart_items/:id(.:format)                           cart_items#show
                         PATCH  /cart_items/:id(.:format)                           cart_items#update
                         PUT    /cart_items/:id(.:format)                           cart_items#update
                         DELETE /cart_items/:id(.:format)                           cart_items#destroy
                   games GET    /games(.:format)                                    games#index
                         POST   /games(.:format)                                    games#create
                new_game GET    /games/new(.:format)                                games#new
               edit_game GET    /games/:id/edit(.:format)                           games#edit
                    game GET    /games/:id(.:format)                                games#show
                         PATCH  /games/:id(.:format)                                games#update
                         PUT    /games/:id(.:format)                                games#update
                         DELETE /games/:id(.:format)                                games#destroy
             electronics GET    /electronics(.:format)                              electronics#index
                         POST   /electronics(.:format)                              electronics#create
          new_electronic GET    /electronics/new(.:format)                          electronics#new
         edit_electronic GET    /electronics/:id/edit(.:format)                     electronics#edit
              electronic GET    /electronics/:id(.:format)                          electronics#show
                         PATCH  /electronics/:id(.:format)                          electronics#update
                         PUT    /electronics/:id(.:format)                          electronics#update
                         DELETE /electronics/:id(.:format)                          electronics#destroy
             music_index GET    /music(.:format)                                    music#index
                         POST   /music(.:format)                                    music#create
               new_music GET    /music/new(.:format)                                music#new
              edit_music GET    /music/:id/edit(.:format)                           music#edit
                   music GET    /music/:id(.:format)                                music#show
                         PATCH  /music/:id(.:format)                                music#update
                         PUT    /music/:id(.:format)                                music#update
                         DELETE /music/:id(.:format)                                music#destroy
                   books GET    /books(.:format)                                    books#index
                         POST   /books(.:format)                                    books#create
                new_book GET    /books/new(.:format)                                books#new
               edit_book GET    /books/:id/edit(.:format)                           books#edit
                    book GET    /books/:id(.:format)                                books#show
                         PATCH  /books/:id(.:format)                                books#update
                         PUT    /books/:id(.:format)                                books#update
                         DELETE /books/:id(.:format)                                books#destroy
      product_categories GET    /products/:product_id/categories(.:format)          categories#index
                         POST   /products/:product_id/categories(.:format)          categories#create
    new_product_category GET    /products/:product_id/categories/new(.:format)      categories#new
   edit_product_category GET    /products/:product_id/categories/:id/edit(.:format) categories#edit
        product_category GET    /products/:product_id/categories/:id(.:format)      categories#show
                         PATCH  /products/:product_id/categories/:id(.:format)      categories#update
                         PUT    /products/:product_id/categories/:id(.:format)      categories#update
                         DELETE /products/:product_id/categories/:id(.:format)      categories#destroy
                         GET    /products(.:format)                                 products#index
                         POST   /products(.:format)                                 products#create
                         GET    /products/new(.:format)                             products#new
                         GET    /products/:id/edit(.:format)                        products#edit
                         GET    /products/:id(.:format)                             products#show
                         PATCH  /products/:id(.:format)                             products#update
                         PUT    /products/:id(.:format)                             products#update
                         DELETE /products/:id(.:format)                             products#destroy
      show_products_page POST   /products/:product_id/categories/:id(.:format)      products#show_products_page
             add_to_cart POST   /add_to_cart_path/:product_id(.:format)             carts#add_to_cart
        new_user_session GET    /users/sign_in(.:format)                            devise/sessions#new
            user_session POST   /users/sign_in(.:format)                            devise/sessions#create
    destroy_user_session DELETE /users/sign_out(.:format)                           devise/sessions#destroy
           user_password POST   /users/password(.:format)                           devise/passwords#create
       new_user_password GET    /users/password/new(.:format)                       devise/passwords#new
      edit_user_password GET    /users/password/edit(.:format)                      devise/passwords#edit
                         PATCH  /users/password(.:format)                           devise/passwords#update
                         PUT    /users/password(.:format)                           devise/passwords#update
cancel_user_registration GET    /users/cancel(.:format)                             devise/registrations#cancel
       user_registration POST   /users(.:format)                                    devise/registrations#create
   new_user_registration GET    /users/sign_up(.:format)                            devise/registrations#new
  edit_user_registration GET    /users/edit(.:format)                               devise/registrations#edit
                         PATCH  /users(.:format)                                    devise/registrations#update
                         PUT    /users(.:format)                                    devise/registrations#update
                         DELETE /users(.:format)                                    devise/registrations#destroy
